[debug] ----------------------------------------------------------------------
[debug] Command:      C:\Program Files\nodejs\node.exe C:\Users\hashir\AppData\Roaming\npm\node_modules\firebase-tools\bin\firebase deploy
[debug] CLI Version:  3.0.7
[debug] Platform:     win32
[debug] Node Version: v6.5.0
[debug] Time:         Tue Sep 20 2016 11:56:08 GMT+0500 (Pakistan Standard Time)
[debug] ----------------------------------------------------------------------
[debug] 
[debug] > command requires scopes: ["email","openid","https://www.googleapis.com/auth/cloudplatformprojects.readonly","https://www.googleapis.com/auth/firebase"]
[debug] >>> HTTP REQUEST GET https://admin.firebase.com/v1/projects/travelbeautifullpakistan 
[debug] <<< HTTP RESPONSE 200
[debug] >>> HTTP REQUEST GET https://admin.firebase.com/v1/database/travelbeautifullpakistan/tokens 
[debug] <<< HTTP RESPONSE 200
[info] 
[info] === Deploying to 'travelbeautifullpakistan'...
[info] 
[info] i  deploying database, hosting
[info] +  database: rules ready to deploy.
[info] i  hosting: preparing public directory for upload...
[debug] >>> HTTP REQUEST PUT https://deploy.firebase.com/v1/hosting/travelbeautifullpakistan/uploads/-KS5NLnwy_BQ06ImVIfi?fileCount=195&message= 
